2020-01-18 11:27:44,117 4412   [lding workspace] WARN  nternal.embedder.EclipseLogger  - Using platform encoding (Cp1252 actually) to copy filtered resources, i.e. build is platform dependent!
2020-01-18 11:27:44,302 4597   [lding workspace] WARN  nternal.embedder.EclipseLogger  - Using platform encoding (Cp1252 actually) to copy filtered resources, i.e. build is platform dependent!
2020-02-01 09:52:02,987 2986   [ initialization] ERROR .index.nexus.NexusIndexManager  - Error changing index details workspace://
java.io.FileNotFoundException: D:\WebTimViec\.metadata\.plugins\org.eclipse.m2e.core\nexus\830bc118332e77292949ed1e6d2fabe0\_u_2.del (The system cannot find the file specified)
	at java.io.RandomAccessFile.open0(Native Method)
	at java.io.RandomAccessFile.open(Unknown Source)
	at java.io.RandomAccessFile.<init>(Unknown Source)
	at org.apache.lucene.store.FSDirectory$FSIndexInput$Descriptor.<init>(FSDirectory.java:552)
	at org.apache.lucene.store.FSDirectory$FSIndexInput.<init>(FSDirectory.java:582)
	at org.apache.lucene.store.FSDirectory.openInput(FSDirectory.java:488)
	at org.apache.lucene.store.FSDirectory.openInput(FSDirectory.java:482)
	at org.apache.lucene.util.BitVector.<init>(BitVector.java:199)
	at org.apache.lucene.index.SegmentReader.loadDeletedDocs(SegmentReader.java:402)
	at org.apache.lucene.index.SegmentReader.initialize(SegmentReader.java:368)
	at org.apache.lucene.index.SegmentReader.get(SegmentReader.java:306)
	at org.apache.lucene.index.SegmentReader.get(SegmentReader.java:236)
	at org.apache.lucene.index.DocumentsWriter.applyDeletes(DocumentsWriter.java:915)
	at org.apache.lucene.index.IndexWriter.applyDeletes(IndexWriter.java:4339)
	at org.apache.lucene.index.IndexWriter.doFlush(IndexWriter.java:3579)
	at org.apache.lucene.index.IndexWriter.flush(IndexWriter.java:3450)
	at org.apache.lucene.index.IndexWriter.closeInternal(IndexWriter.java:1638)
	at org.apache.lucene.index.IndexWriter.close(IndexWriter.java:1602)
	at org.apache.lucene.index.IndexWriter.close(IndexWriter.java:1578)
	at org.apache.maven.index.context.NexusIndexWriter.close(NexusIndexWriter.java:58)
	at org.apache.maven.index.context.DefaultIndexingContext.prepareCleanIndex(DefaultIndexingContext.java:235)
	at org.apache.maven.index.context.DefaultIndexingContext.prepareIndex(DefaultIndexingContext.java:205)
	at org.apache.maven.index.context.DefaultIndexingContext.<init>(DefaultIndexingContext.java:173)
	at org.apache.maven.index.DefaultNexusIndexer.addIndexingContextForced(DefaultNexusIndexer.java:160)
	at org.eclipse.m2e.core.internal.index.nexus.NexusIndexManager.createIndexingContext(NexusIndexManager.java:965)
	at org.eclipse.m2e.core.internal.index.nexus.NexusIndexManager.setIndexDetails(NexusIndexManager.java:932)
	at org.eclipse.m2e.core.internal.index.nexus.NexusIndexManager.repositoryAdded(NexusIndexManager.java:878)
	at org.eclipse.m2e.core.internal.repository.RepositoryRegistry.addRepository(RepositoryRegistry.java:163)
	at org.eclipse.m2e.core.internal.repository.RepositoryRegistry.updateRegistry(RepositoryRegistry.java:236)
	at org.eclipse.m2e.core.internal.repository.RepositoryRegistryUpdateJob.run(RepositoryRegistryUpdateJob.java:47)
	at org.eclipse.core.internal.jobs.Worker.run(Worker.java:63)
2020-02-01 09:52:03,037 3036   [ initialization] ERROR .repository.RepositoryRegistry  - Could not add repository index
org.eclipse.core.runtime.CoreException: Could not add repository index
	at org.eclipse.m2e.core.internal.index.nexus.NexusIndexManager.setIndexDetails(NexusIndexManager.java:945)
	at org.eclipse.m2e.core.internal.index.nexus.NexusIndexManager.repositoryAdded(NexusIndexManager.java:878)
	at org.eclipse.m2e.core.internal.repository.RepositoryRegistry.addRepository(RepositoryRegistry.java:163)
	at org.eclipse.m2e.core.internal.repository.RepositoryRegistry.updateRegistry(RepositoryRegistry.java:236)
	at org.eclipse.m2e.core.internal.repository.RepositoryRegistryUpdateJob.run(RepositoryRegistryUpdateJob.java:47)
	at org.eclipse.core.internal.jobs.Worker.run(Worker.java:63)
Caused by: java.io.FileNotFoundException: D:\WebTimViec\.metadata\.plugins\org.eclipse.m2e.core\nexus\830bc118332e77292949ed1e6d2fabe0\_u_2.del (The system cannot find the file specified)
	at java.io.RandomAccessFile.open0(Native Method)
	at java.io.RandomAccessFile.open(Unknown Source)
	at java.io.RandomAccessFile.<init>(Unknown Source)
	at org.apache.lucene.store.FSDirectory$FSIndexInput$Descriptor.<init>(FSDirectory.java:552)
	at org.apache.lucene.store.FSDirectory$FSIndexInput.<init>(FSDirectory.java:582)
	at org.apache.lucene.store.FSDirectory.openInput(FSDirectory.java:488)
	at org.apache.lucene.store.FSDirectory.openInput(FSDirectory.java:482)
	at org.apache.lucene.util.BitVector.<init>(BitVector.java:199)
	at org.apache.lucene.index.SegmentReader.loadDeletedDocs(SegmentReader.java:402)
	at org.apache.lucene.index.SegmentReader.initialize(SegmentReader.java:368)
	at org.apache.lucene.index.SegmentReader.get(SegmentReader.java:306)
	at org.apache.lucene.index.SegmentReader.get(SegmentReader.java:236)
	at org.apache.lucene.index.DocumentsWriter.applyDeletes(DocumentsWriter.java:915)
	at org.apache.lucene.index.IndexWriter.applyDeletes(IndexWriter.java:4339)
	at org.apache.lucene.index.IndexWriter.doFlush(IndexWriter.java:3579)
	at org.apache.lucene.index.IndexWriter.flush(IndexWriter.java:3450)
	at org.apache.lucene.index.IndexWriter.closeInternal(IndexWriter.java:1638)
	at org.apache.lucene.index.IndexWriter.close(IndexWriter.java:1602)
	at org.apache.lucene.index.IndexWriter.close(IndexWriter.java:1578)
	at org.apache.maven.index.context.NexusIndexWriter.close(NexusIndexWriter.java:58)
	at org.apache.maven.index.context.DefaultIndexingContext.prepareCleanIndex(DefaultIndexingContext.java:235)
	at org.apache.maven.index.context.DefaultIndexingContext.prepareIndex(DefaultIndexingContext.java:205)
	at org.apache.maven.index.context.DefaultIndexingContext.<init>(DefaultIndexingContext.java:173)
	at org.apache.maven.index.DefaultNexusIndexer.addIndexingContextForced(DefaultNexusIndexer.java:160)
	at org.eclipse.m2e.core.internal.index.nexus.NexusIndexManager.createIndexingContext(NexusIndexManager.java:965)
	at org.eclipse.m2e.core.internal.index.nexus.NexusIndexManager.setIndexDetails(NexusIndexManager.java:932)
	... 5 more
2020-02-01 09:52:55,201 55200  [lding workspace] WARN  nternal.embedder.EclipseLogger  - Using platform encoding (Cp1252 actually) to copy filtered resources, i.e. build is platform dependent!
2020-02-01 09:52:55,212 55211  [lding workspace] WARN  nternal.embedder.EclipseLogger  - Using platform encoding (Cp1252 actually) to copy filtered resources, i.e. build is platform dependent!
2020-02-01 09:52:56,364 56363  [lding workspace] WARN  nternal.embedder.EclipseLogger  - Using platform encoding (Cp1252 actually) to copy filtered resources, i.e. build is platform dependent!
2020-02-01 09:52:56,366 56365  [lding workspace] WARN  nternal.embedder.EclipseLogger  - Using platform encoding (Cp1252 actually) to copy filtered resources, i.e. build is platform dependent!
2020-02-01 09:52:57,379 57378  [lding workspace] WARN  nternal.embedder.EclipseLogger  - Using platform encoding (Cp1252 actually) to copy filtered resources, i.e. build is platform dependent!
2020-02-01 09:52:57,396 57395  [lding workspace] WARN  nternal.embedder.EclipseLogger  - Using platform encoding (Cp1252 actually) to copy filtered resources, i.e. build is platform dependent!
2020-02-01 10:12:51,440 1251439 [lding workspace] WARN  nternal.embedder.EclipseLogger  - Using platform encoding (Cp1252 actually) to copy filtered resources, i.e. build is platform dependent!
2020-02-01 10:12:51,445 1251444 [lding workspace] WARN  nternal.embedder.EclipseLogger  - Using platform encoding (Cp1252 actually) to copy filtered resources, i.e. build is platform dependent!
2020-02-01 10:12:51,460 1251459 [lding workspace] WARN  nternal.embedder.EclipseLogger  - Using platform encoding (Cp1252 actually) to copy filtered resources, i.e. build is platform dependent!
2020-02-01 10:14:25,909 1345908 [g Maven Project] WARN  nternal.embedder.EclipseLogger  - Using platform encoding (Cp1252 actually) to copy filtered resources, i.e. build is platform dependent!
2020-02-01 10:14:25,918 1345917 [g Maven Project] WARN  nternal.embedder.EclipseLogger  - Using platform encoding (Cp1252 actually) to copy filtered resources, i.e. build is platform dependent!
2020-02-01 10:14:25,921 1345920 [g Maven Project] WARN  nternal.embedder.EclipseLogger  - Using platform encoding (Cp1252 actually) to copy filtered resources, i.e. build is platform dependent!
2020-02-01 10:14:30,213 1350212 [lding workspace] WARN  nternal.embedder.EclipseLogger  - Using platform encoding (Cp1252 actually) to copy filtered resources, i.e. build is platform dependent!
2020-02-01 10:14:30,215 1350214 [lding workspace] WARN  nternal.embedder.EclipseLogger  - Using platform encoding (Cp1252 actually) to copy filtered resources, i.e. build is platform dependent!
2020-02-01 10:14:30,220 1350219 [lding workspace] WARN  nternal.embedder.EclipseLogger  - Using platform encoding (Cp1252 actually) to copy filtered resources, i.e. build is platform dependent!
2020-02-01 10:15:50,085 7723   [lding workspace] WARN  nternal.embedder.EclipseLogger  - Using platform encoding (Cp1252 actually) to copy filtered resources, i.e. build is platform dependent!
2020-02-01 10:15:50,128 7766   [lding workspace] WARN  nternal.embedder.EclipseLogger  - Using platform encoding (Cp1252 actually) to copy filtered resources, i.e. build is platform dependent!
2020-02-01 10:15:55,066 12704  [lding workspace] WARN  nternal.embedder.EclipseLogger  - Using platform encoding (Cp1252 actually) to copy filtered resources, i.e. build is platform dependent!
2020-02-01 10:15:55,074 12712  [lding workspace] WARN  nternal.embedder.EclipseLogger  - Using platform encoding (Cp1252 actually) to copy filtered resources, i.e. build is platform dependent!
2020-02-01 10:19:20,927 218565 [lding workspace] WARN  nternal.embedder.EclipseLogger  - Using platform encoding (Cp1252 actually) to copy filtered resources, i.e. build is platform dependent!
2020-02-01 10:19:20,932 218570 [lding workspace] WARN  nternal.embedder.EclipseLogger  - Using platform encoding (Cp1252 actually) to copy filtered resources, i.e. build is platform dependent!
